<?xml version="1.0" encoding="UTF-8"?>
<!-- Generated by org.testng.reporters.JUnitReportReporter -->
<testsuite hostname="Mohamedfaizal" failures="0" tests="1" name="com.test.MultipleURLClass" time="0.003" errors="0" timestamp="2024-05-22T08:49:59 IST" skipped="0">
  <testcase classname="com.test.MultipleURLClass" name="MutipleURL" time="0.003"/>
  <system-out/>
</testsuite> <!-- com.test.MultipleURLClass -->
