<?xml version="1.0" encoding="UTF-8"?>
<!-- Generated by org.testng.reporters.JUnitReportReporter -->
<testsuite hostname="DESKTOP-BU79GFN" failures="0" tests="1" name="com.test.LoginForGalen" time="8.797" errors="0" timestamp="2023-09-09T15:14:51 IST" skipped="0">
  <testcase classname="com.test.LoginForGalen" name="loginPage" time="8.797"/>
  <system-out/>
</testsuite> <!-- com.test.LoginForGalen -->
