<?xml version="1.0" encoding="UTF-8"?>
<!-- Generated by org.testng.reporters.JUnitReportReporter -->
<testsuite hostname="DESKTOP-BU79GFN" failures="0" tests="1" name="com.test.HomePage" time="5.153" errors="0" timestamp="2023-07-06T12:39:45 IST" skipped="0">
  <testcase classname="com.test.HomePage" name="MutipleURL" time="5.153"/>
  <system-out/>
</testsuite> <!-- com.test.HomePage -->
